2026-04-06 21:54:37 INFO  (LoggingInitialization) Using log config file: jar:file:/Users/marvinkleinpass/Developer/ghidra_12.0.4_PUBLIC/Ghidra/Framework/Generic/lib/Generic.jar!/generic.log4j.xml  
2026-04-06 21:54:37 INFO  (LoggingInitialization) Using log file: /Users/marvinkleinpass/ghidra_projects/GameKindred_android_decompile_output/analysis.log  
2026-04-06 21:54:37 INFO  (Preferences) Loading user preferences: /Users/marvinkleinpass/Library/ghidra/ghidra_12.0.4_PUBLIC/preferences  
2026-04-06 21:54:37 INFO  (ClassSearcher) Searching for classes...  
2026-04-06 21:54:38 INFO  (ClassSearcher) Class search complete (778 ms)  
2026-04-06 21:54:38 INFO  (DefaultSSLContextInitializer) Initializing SSL Context  
2026-04-06 21:54:38 INFO  (SecureRandomFactory) Initializing Random Number Generator...  
2026-04-06 21:54:38 INFO  (SecureRandomFactory) Random Number Generator initialization complete: NativePRNGNonBlocking  
2026-04-06 21:54:38 INFO  (DefaultTrustManagerFactory) Trust manager disabled, cacerts have not been set  
2026-04-06 21:54:38 INFO  (FileCacheMaintenanceDaemon) Starting cache cleanup: /var/tmp/marvinkleinpass-ghidra/fscache2  
2026-04-06 21:54:38 INFO  (FileCacheMaintenanceDaemon) Finished cache cleanup, estimated storage used: 0  
2026-04-06 21:54:38 INFO  (AnalyzeHeadless) Headless startup complete (1836 ms)  
2026-04-06 21:54:38 INFO  (ClassSearcher) Class searcher loaded 58 extension points (18 false positives)  
2026-04-06 21:54:39 INFO  (HeadlessAnalyzer) HEADLESS Script Paths:
    /Users/marvinkleinpass/Developer/ghidra_12.0.4_PUBLIC/Ghidra/Features/MicrosoftCodeAnalyzer/ghidra_scripts
    /Users/marvinkleinpass/Developer/ghidra_12.0.4_PUBLIC/Ghidra/Processors/DATA/ghidra_scripts
    /Users/marvinkleinpass/Developer/ghidra_12.0.4_PUBLIC/Ghidra/Processors/JVM/ghidra_scripts
    /Users/marvinkleinpass/Developer/ghidra_12.0.4_PUBLIC/Ghidra/Features/DecompilerDependent/ghidra_scripts
    /Users/marvinkleinpass/Developer/ghidra_12.0.4_PUBLIC/Ghidra/Features/SystemEmulation/ghidra_scripts
    /Users/marvinkleinpass/Developer/ghidra_12.0.4_PUBLIC/Ghidra/Processors/PIC/ghidra_scripts
    /Users/marvinkleinpass/Developer/ghidra_12.0.4_PUBLIC/Ghidra/Features/FileFormats/ghidra_scripts
    /Users/marvinkleinpass/Developer/ghidra_12.0.4_PUBLIC/Ghidra/Debug/Debugger/ghidra_scripts
    /Users/marvinkleinpass/Developer/ghidra_12.0.4_PUBLIC/Ghidra/Features/SwiftDemangler/ghidra_scripts
    /Users/marvinkleinpass/Developer/ghidra_12.0.4_PUBLIC/Ghidra/Features/Decompiler/ghidra_scripts
    /Users/marvinkleinpass/Developer/ghidra_12.0.4_PUBLIC/Ghidra/Features/Jython/ghidra_scripts
    /Users/marvinkleinpass/Developer/ghidra_12.0.4_PUBLIC/Ghidra/Features/BSim/ghidra_scripts
    /Users/marvinkleinpass/Developer/ghidra_12.0.4_PUBLIC/Ghidra/Features/PyGhidra/ghidra_scripts
    /Users/marvinkleinpass/Developer/ghidra_12.0.4_PUBLIC/Ghidra/Debug/Debugger-rmi-trace/ghidra_scripts
    /Users/marvinkleinpass/Developer/ghidra_12.0.4_PUBLIC/Ghidra/Features/FunctionID/ghidra_scripts
    /Users/marvinkleinpass/Developer/ghidra_12.0.4_PUBLIC/Ghidra/Features/VersionTracking/ghidra_scripts
    /Users/marvinkleinpass/Developer/ghidra_12.0.4_PUBLIC/Ghidra/Processors/8051/ghidra_scripts
    /Users/marvinkleinpass/ghidra_scripts
    /Users/marvinkleinpass/Developer/ghidra_12.0.4_PUBLIC/Ghidra/Features/WildcardAssembler/ghidra_scripts
    /Users/marvinkleinpass/Developer/ghidra_12.0.4_PUBLIC/Ghidra/Features/GnuDemangler/ghidra_scripts
    /Users/marvinkleinpass/Developer/ghidra_12.0.4_PUBLIC/Ghidra/Processors/Atmel/ghidra_scripts
    /Users/marvinkleinpass/Developer/ghidra_12.0.4_PUBLIC/Ghidra/Features/BytePatterns/ghidra_scripts
    /Users/marvinkleinpass/Developer/ghidra_12.0.4_PUBLIC/Ghidra/Features/Base/ghidra_scripts
    /Users/marvinkleinpass/Developer/ghidra_12.0.4_PUBLIC/Ghidra/Features/PDB/ghidra_scripts  
2026-04-06 21:54:39 INFO  (HeadlessAnalyzer) HEADLESS: execution starts  
2026-04-06 21:54:39 INFO  (HeadlessAnalyzer) Creating project: /Users/marvinkleinpass/ghidra_projects/GameKindred_android_decompile  
2026-04-06 21:54:39 INFO  (DefaultProject) Creating project: /Users/marvinkleinpass/ghidra_projects/GameKindred_android_decompile  
2026-04-06 21:54:39 INFO  (HeadlessAnalyzer) REPORT: Processing input files:   
2026-04-06 21:54:39 INFO  (HeadlessAnalyzer)      project: /Users/marvinkleinpass/ghidra_projects/GameKindred_android_decompile  
2026-04-06 21:54:39 INFO  (HeadlessAnalyzer) IMPORTING: file:///private/tmp/vgf_android_extract/lib/arm64-v8a/libGameKindred.so  
2026-04-06 21:54:40 INFO  (ProgramLoader) Using Loader: Executable and Linking Format (ELF)  
2026-04-06 21:54:40 INFO  (ProgramLoader) Using Language/Compiler: AARCH64:LE:64:v8A:default  
2026-04-06 21:54:40 INFO  (ProgramLoader) Using Library Search Path: [., /System/Library/dyld/dyld_shared_cache_arm64e, /System/Library/dyld/dyld_shared_cache_x86_64, /System/Library/dyld/dyld_shared_cache_x86_64h, /System/Cryptexes/OS/System/Library/dyld/dyld_shared_cache_arm64e, /System/Cryptexes/OS/System/Library/dyld/dyld_shared_cache_x86_64, /System/Cryptexes/OS/System/Library/dyld/dyld_shared_cache_x86_64h, /Users/marvinkleinpass/Library/Java/Extensions, /Library/Java/Extensions, /Network/Library/Java/Extensions, /System/Library/Java/Extensions, /usr/lib/java]  
2026-04-06 21:54:40 DEBUG (ElfHeader) Elf symbol table section .dynsym linked to string table section .dynstr  
2026-04-06 21:54:40 DEBUG (ElfHeader) Elf relocation table section .rela.dyn linked to symbol table section .dynsym affecting PT_LOAD  
2026-04-06 21:54:41 DEBUG (ElfHeader) Elf relocation table section .rela.plt linked to symbol table section .dynsym affecting .got  
2026-04-06 21:54:41 DEBUG (ElfProgramBuilder) Discarding 8-byte alignment/filler segment_1.6 at 02be2ff8  
2026-04-06 21:54:41 DEBUG (ElfProgramBuilder) Discarding 4-byte alignment/filler segment_0.3 at 00100224  
2026-04-06 21:54:41 DEBUG (ElfProgramBuilder) Discarding 1-byte alignment/filler segment_0.7 at 00160bdb  
2026-04-06 21:54:41 DEBUG (ElfProgramBuilder) Discarding 2-byte alignment/filler segment_0.9 at 0016405e  
2026-04-06 21:54:41 DEBUG (ElfProgramBuilder) Discarding 8-byte alignment/filler segment_0.13 at 0088e938  
2026-04-06 21:54:41 DEBUG (ElfProgramBuilder) Discarding 12-byte alignment/filler segment_0.16 at 01b8e4e4  
2026-04-06 21:54:41 DEBUG (ElfProgramBuilder) Discarding 3-byte alignment/filler segment_0.18 at 01e6b56d  
2026-04-06 21:54:41 DEBUG (ElfProgramBuilder) Discarding 4-byte alignment/filler segment_0.20 at 0208474c  
2026-04-06 21:54:44 INFO  (ProgramLoader) Additional info:
Loading file:///private/tmp/vgf_android_extract/lib/arm64-v8a/libGameKindred.so?MD5=618654fa13ae6422fa051b5bec5f2192...
Setting block .init_array to read-only
Setting block .fini_array to read-only
Setting block .data.rel.ro to read-only
Setting block .dynamic to read-only
------------------------------------------------

Linking the External Programs of 'libGameKindred.so' to imported libraries...
  [liblog.so] -> not found in project
  [libEGL.so] -> not found in project
  [libfmod.so] -> not found in project
  [libGLESv2.so] -> not found in project
  [libz.so] -> not found in project
  [libm.so] -> not found in project
  [libdl.so] -> not found in project
  [libc.so] -> not found in project
------------------------------------------------

Resolving External Symbols of [/libGameKindred.so] - 394 unresolved symbols, no external libraries configured - skipping
  
2026-04-06 21:54:44 INFO  (HeadlessAnalyzer) IMPORTING: Loaded 0 additional files  
2026-04-06 21:54:44 INFO  (HeadlessAnalyzer) ANALYZING all memory and code: file:///private/tmp/vgf_android_extract/lib/arm64-v8a/libGameKindred.so  
2026-04-06 21:54:45 INFO  (ExternalDebugFileSectionProvider) DWARF external debug information found: ExternalDebugInfo [filename=null, crc=0, hash=b6ed0857c01ae2162d71fed102493f250973bcdc]  
2026-04-06 21:54:45 INFO  (DWARFAnalyzer) Unable to find DWARF information, skipping DWARF analysis  
2026-04-06 21:57:38 WARN  (DecompileCallback) Decompiling 01af2c44: Unable to read bytes at ram:4833fb20  
2026-04-06 22:00:08 DEBUG (FidAnalyzer) No FID Libraries apply for language AARCH64:LE:64:v8A  
2026-04-06 22:00:08 INFO  (PackedDatabaseCache) Packed database cache: /var/tmp/marvinkleinpass-ghidra/packed-db-cache  
2026-04-06 22:00:08 DEBUG (PackedDatabaseCache) Caching packed database: /Users/marvinkleinpass/Developer/ghidra_12.0.4_PUBLIC/Ghidra/Features/Base/data/typeinfo/generic/generic_clib_64.gdt  
2026-04-06 22:00:08 DEBUG (PackedDatabase) Unpacking database /Users/marvinkleinpass/Developer/ghidra_12.0.4_PUBLIC/Ghidra/Features/Base/data/typeinfo/generic/generic_clib_64.gdt -> /var/tmp/marvinkleinpass-ghidra/packed-db-cache/pdb4DF94952/db.1.gbf  
2026-04-06 22:00:08 DEBUG (PackedDatabaseCache) Cache update completed: /Users/marvinkleinpass/Developer/ghidra_12.0.4_PUBLIC/Ghidra/Features/Base/data/typeinfo/generic/generic_clib_64.gdt  
2026-04-06 22:00:10 INFO  (ApplyDataArchiveAnalyzer) Applied data type archive: generic_clib_64  
2026-04-06 22:03:23 INFO  (AutoAnalysisManager) -----------------------------------------------------
    AARCH64 ELF PLT Thunks                     0.739 secs
    ASCII Strings                              2.768 secs
    Apply Data Archives                        2.546 secs
    Basic Constant Reference Analyzer        114.299 secs
    Call Convention ID                        14.196 secs
    Call-Fixup Installer                       1.453 secs
    Create Address Tables                      9.167 secs
    Create Address Tables - One Time          13.785 secs
    Create Function                            0.151 secs
    DWARF                                      0.007 secs
    Data Reference                            12.977 secs
    Decompiler Switch Analysis                32.456 secs
    Demangler GNU                             26.602 secs
    Disassemble                                0.445 secs
    Disassemble Entry Points                  81.514 secs
    Embedded Media                             0.214 secs
    External Entry References                  0.042 secs
    Function ID                                0.028 secs
    Function Start Search                      1.081 secs
    Function Start Search After Code           1.071 secs
    Function Start Search After Data           0.789 secs
    Function Start Search delayed - One Time   0.070 secs
    GCC Exception Handlers                    48.193 secs
    Non-Returning Functions - Discovered       8.274 secs
    Non-Returning Functions - Known            0.021 secs
    Reference                                 15.825 secs
    Shared Return Calls                        9.524 secs
    Stack                                    115.604 secs
    Subroutine References                      4.284 secs
    Subroutine References - One Time           0.004 secs
-----------------------------------------------------
     Total Time   518 secs
-----------------------------------------------------
  
2026-04-06 22:03:23 INFO  (HeadlessAnalyzer) REPORT: Analysis succeeded for file: file:///private/tmp/vgf_android_extract/lib/arm64-v8a/libGameKindred.so  
2026-04-06 22:03:23 INFO  (HeadlessAnalyzer) REPORT: Execute script: DecompileAndroidToC.java   
2026-04-06 22:03:24 INFO  (HeadlessAnalyzer) SCRIPT: /Users/marvinkleinpass/ghidra_scripts/DecompileAndroidToC.java  
2026-04-06 22:03:24 INFO  (GhidraScript) DecompileAndroidToC.java> Starting full C/C++ export with header (Android arm64)...  
2026-04-06 22:04:02 WARN  (CppExporter) Error decompiling: Exception while decompiling 008e3004: process: timeout
  
2026-04-06 22:06:31 WARN  (CppExporter) Error decompiling: 
Recoverable Error: Unable to find unique hash for varnode  
2026-04-06 22:06:34 WARN  (DecompileCallback) Decompiling 01af2c44: Unable to read bytes at ram:4833fb20  
2026-04-06 22:06:39 INFO  (GhidraScript) DecompileAndroidToC.java> SUCCESS: Export completed  
2026-04-06 22:06:39 INFO  (GhidraScript) DecompileAndroidToC.java> libGameKindred.c size: 101593721 bytes  
2026-04-06 22:06:39 INFO  (GhidraScript) DecompileAndroidToC.java> libGameKindred.h size: 17114776 bytes  
2026-04-06 22:06:39 INFO  (HeadlessAnalyzer) ANALYZING changes made by post scripts: file:///private/tmp/vgf_android_extract/lib/arm64-v8a/libGameKindred.so  
2026-04-06 22:06:39 INFO  (HeadlessAnalyzer) REPORT: Post-analysis succeeded for file: file:///private/tmp/vgf_android_extract/lib/arm64-v8a/libGameKindred.so  
2026-04-06 22:06:43 INFO  (LocalFileSystem) /libGameKindred.so: file created (marvinkleinpass)  
2026-04-06 22:06:43 INFO  (HeadlessAnalyzer) REPORT: Save succeeded for: /libGameKindred.so (GameKindred_android_decompile:/libGameKindred.so)  
2026-04-06 22:06:43 INFO  (HeadlessAnalyzer) REPORT: Import succeeded  
